[2020-04-04T11:44:23.181] [DEBUG] sbm - UserSettingsInputs: 10:00:00
[2020-04-04T11:44:23.184] [DEBUG] sbm - UserSettingsInputs: 18:00:00
[2020-04-04T11:44:23.184] [DEBUG] sbm - UserSettingsInputs: John Doe
[2020-04-04T11:44:23.184] [DEBUG] sbm - UserSettingsInputs: 41
[2020-04-04T11:44:23.184] [DEBUG] sbm - UserSettingsInputs: Turku
[2020-04-04T11:44:23.184] [DEBUG] sbm - UserSettingsInputs: 41
[2020-04-04T11:44:23.199] [INFO] sbm - SleepingBevaviourMonitor started
[2020-04-04T12:04:36.891] [INFO] sbm - About to update content to my.iot-ticket: [{"name":"station","v":"Turku Artukainen","path":"/sbm/weather"},{"name":"timestamp","v":"2020-04-04 11:40:00","path":"/sbm/weather"},{"name":"temperature","v":"5","path":"/sbm/weather","unit":"c"},{"name":"temperature_feels_like","v":"2","path":"/sbm/weather","unit":"c"},{"name":"pressure","v":"1011.1","path":"/sbm/weather","unit":"hPa"},{"name":"humidity","v":"49","path":"/sbm/weather","unit":"%"},{"name":"illumination","v":8000,"path":"/sbm/raspberry","unit":"lx"},{"name":"temperature","v":30,"path":"/sbm/raspberry","unit":"c"},{"name":"wokeUpTimes","v":0,"path":"/sbm/raspberry","unit":""},{"name":"sleepingTotal","v":1199000,"path":"/sbm/raspberry","unit":""},{"name":"wokeUpTimeTotal","v":0,"path":"/sbm/raspberry","unit":""}]
[2020-04-04T12:04:36.894] [INFO] sbm - Updates were send to my.iot-ticket
[2020-04-04T12:04:36.894] [INFO] sbm - 
[2020-04-04T12:25:00.328] [INFO] sbm - About to update content to my.iot-ticket: [{"name":"station","v":"Turku Artukainen","path":"/sbm/weather"},{"name":"timestamp","v":"2020-04-04 12:10:00","path":"/sbm/weather"},{"name":"temperature","v":"5","path":"/sbm/weather","unit":"c"},{"name":"temperature_feels_like","v":"1","path":"/sbm/weather","unit":"c"},{"name":"pressure","v":"1011.6","path":"/sbm/weather","unit":"hPa"},{"name":"humidity","v":"41","path":"/sbm/weather","unit":"%"},{"name":"illumination","v":8000,"path":"/sbm/raspberry","unit":"lx"},{"name":"temperature","v":30,"path":"/sbm/raspberry","unit":"c"},{"name":"wokeUpTimes","v":0,"path":"/sbm/raspberry","unit":""},{"name":"sleepingTotal","v":2399000,"path":"/sbm/raspberry","unit":""},{"name":"wokeUpTimeTotal","v":0,"path":"/sbm/raspberry","unit":""}]
[2020-04-04T12:25:00.339] [INFO] sbm - Updates were send to my.iot-ticket
[2020-04-04T12:25:00.339] [INFO] sbm - 
[2020-04-04T12:45:19.262] [INFO] sbm - About to update content to my.iot-ticket: [{"name":"station","v":"Turku Artukainen","path":"/sbm/weather"},{"name":"timestamp","v":"2020-04-04 12:30:00","path":"/sbm/weather"},{"name":"temperature","v":"5","path":"/sbm/weather","unit":"c"},{"name":"temperature_feels_like","v":"2","path":"/sbm/weather","unit":"c"},{"name":"pressure","v":"1011.7","path":"/sbm/weather","unit":"hPa"},{"name":"humidity","v":"42","path":"/sbm/weather","unit":"%"},{"name":"illumination","v":8000,"path":"/sbm/raspberry","unit":"lx"},{"name":"temperature","v":30,"path":"/sbm/raspberry","unit":"c"},{"name":"wokeUpTimes","v":0,"path":"/sbm/raspberry","unit":""},{"name":"sleepingTotal","v":3599000,"path":"/sbm/raspberry","unit":""},{"name":"wokeUpTimeTotal","v":0,"path":"/sbm/raspberry","unit":""}]
[2020-04-04T12:45:19.264] [INFO] sbm - Updates were send to my.iot-ticket
[2020-04-04T12:45:19.264] [INFO] sbm - 
[2020-04-04T12:45:30.287] [INFO] sbm - Awake Temp is set to 17? = 17 temperature_Array length: 1
[2020-04-04T12:45:31.288] [DEBUG] sbm - Sleeping ended. WokeUps are: 1 wokeUpTimeTotal: 0 sleepingTotal: 3600000
[2020-04-04T12:55:34.604] [INFO] sbm - User is Sleeping - Temp changed to 30? = 30
[2020-04-04T12:55:35.605] [DEBUG] sbm - Sleeping. WokeUps are: 1 wokeUpTimeTotal: 600000 sleepingTotal: 3600000
[2020-04-04T13:05:38.791] [INFO] sbm - About to update content to my.iot-ticket: [{"name":"station","v":"Turku Artukainen","path":"/sbm/weather"},{"name":"timestamp","v":"2020-04-04 12:50:00","path":"/sbm/weather"},{"name":"temperature","v":"6","path":"/sbm/weather","unit":"c"},{"name":"temperature_feels_like","v":"3","path":"/sbm/weather","unit":"c"},{"name":"pressure","v":"1012.0","path":"/sbm/weather","unit":"hPa"},{"name":"humidity","v":"41","path":"/sbm/weather","unit":"%"},{"name":"illumination","v":7000,"path":"/sbm/raspberry","unit":"lx"},{"name":"temperature","v":24,"path":"/sbm/raspberry","unit":"c"},{"name":"wokeUpTimes","v":1,"path":"/sbm/raspberry","unit":""},{"name":"sleepingTotal","v":4199000,"path":"/sbm/raspberry","unit":""},{"name":"wokeUpTimeTotal","v":600000,"path":"/sbm/raspberry","unit":""}]
[2020-04-04T13:05:38.793] [INFO] sbm - Updates were send to my.iot-ticket
[2020-04-04T13:05:38.793] [INFO] sbm - 
[2020-04-04T13:25:58.075] [INFO] sbm - About to update content to my.iot-ticket: [{"name":"station","v":"Turku Artukainen","path":"/sbm/weather"},{"name":"timestamp","v":"2020-04-04 13:10:00","path":"/sbm/weather"},{"name":"temperature","v":"6","path":"/sbm/weather","unit":"c"},{"name":"temperature_feels_like","v":"2","path":"/sbm/weather","unit":"c"},{"name":"pressure","v":"1012.0","path":"/sbm/weather","unit":"hPa"},{"name":"humidity","v":"38","path":"/sbm/weather","unit":"%"},{"name":"illumination","v":7000,"path":"/sbm/raspberry","unit":"lx"},{"name":"temperature","v":24,"path":"/sbm/raspberry","unit":"c"},{"name":"wokeUpTimes","v":1,"path":"/sbm/raspberry","unit":""},{"name":"sleepingTotal","v":5399000,"path":"/sbm/raspberry","unit":""},{"name":"wokeUpTimeTotal","v":600000,"path":"/sbm/raspberry","unit":""}]
[2020-04-04T13:25:58.077] [INFO] sbm - Updates were send to my.iot-ticket
[2020-04-04T13:25:58.077] [INFO] sbm - 
[2020-04-04T13:46:17.566] [INFO] sbm - About to update content to my.iot-ticket: [{"name":"station","v":"Turku Artukainen","path":"/sbm/weather"},{"name":"timestamp","v":"2020-04-04 13:30:00","path":"/sbm/weather"},{"name":"temperature","v":"6","path":"/sbm/weather","unit":"c"},{"name":"temperature_feels_like","v":"3","path":"/sbm/weather","unit":"c"},{"name":"pressure","v":"1012.1","path":"/sbm/weather","unit":"hPa"},{"name":"humidity","v":"37","path":"/sbm/weather","unit":"%"},{"name":"illumination","v":7000,"path":"/sbm/raspberry","unit":"lx"},{"name":"temperature","v":24,"path":"/sbm/raspberry","unit":"c"},{"name":"wokeUpTimes","v":1,"path":"/sbm/raspberry","unit":""},{"name":"sleepingTotal","v":6599000,"path":"/sbm/raspberry","unit":""},{"name":"wokeUpTimeTotal","v":600000,"path":"/sbm/raspberry","unit":""}]
[2020-04-04T13:46:17.568] [INFO] sbm - Updates were send to my.iot-ticket
[2020-04-04T13:46:17.568] [INFO] sbm - 
[2020-04-04T13:56:33.040] [INFO] sbm - Awake Temp is set to 17? = 17 temperature_Array length: 3
[2020-04-04T13:56:34.044] [DEBUG] sbm - Sleeping ended. WokeUps are: 2 wokeUpTimeTotal: 600000 sleepingTotal: 7200000
[2020-04-04T14:06:37.063] [INFO] sbm - About to update content to my.iot-ticket: [{"name":"station","v":"Turku Artukainen","path":"/sbm/weather"},{"name":"timestamp","v":"2020-04-04 13:50:00","path":"/sbm/weather"},{"name":"temperature","v":"5","path":"/sbm/weather","unit":"c"},{"name":"temperature_feels_like","v":"2","path":"/sbm/weather","unit":"c"},{"name":"pressure","v":"1012.3","path":"/sbm/weather","unit":"hPa"},{"name":"humidity","v":"33","path":"/sbm/weather","unit":"%"},{"name":"illumination","v":6000,"path":"/sbm/raspberry","unit":"lx"},{"name":"temperature","v":21,"path":"/sbm/raspberry","unit":"c"},{"name":"wokeUpTimes","v":2,"path":"/sbm/raspberry","unit":""},{"name":"sleepingTotal","v":7200000,"path":"/sbm/raspberry","unit":""},{"name":"wokeUpTimeTotal","v":1199000,"path":"/sbm/raspberry","unit":""}]
[2020-04-04T14:06:37.065] [INFO] sbm - Updates were send to my.iot-ticket
[2020-04-04T14:06:37.065] [INFO] sbm - 
[2020-04-04T14:06:48.084] [INFO] sbm - User is Sleeping - Temp changed to 30? = 30
[2020-04-04T14:06:49.095] [DEBUG] sbm - Sleeping. WokeUps are: 2 wokeUpTimeTotal: 1200000 sleepingTotal: 7200000
[2020-04-04T14:26:56.781] [INFO] sbm - About to update content to my.iot-ticket: [{"name":"station","v":"Turku Artukainen","path":"/sbm/weather"},{"name":"timestamp","v":"2020-04-04 14:10:00","path":"/sbm/weather"},{"name":"temperature","v":"6","path":"/sbm/weather","unit":"c"},{"name":"temperature_feels_like","v":"2","path":"/sbm/weather","unit":"c"},{"name":"pressure","v":"1012.6","path":"/sbm/weather","unit":"hPa"},{"name":"humidity","v":"25","path":"/sbm/weather","unit":"%"},{"name":"illumination","v":6000,"path":"/sbm/raspberry","unit":"lx"},{"name":"temperature","v":24,"path":"/sbm/raspberry","unit":"c"},{"name":"wokeUpTimes","v":2,"path":"/sbm/raspberry","unit":""},{"name":"sleepingTotal","v":8399000,"path":"/sbm/raspberry","unit":""},{"name":"wokeUpTimeTotal","v":1200000,"path":"/sbm/raspberry","unit":""}]
[2020-04-04T14:26:56.783] [INFO] sbm - Updates were send to my.iot-ticket
[2020-04-04T14:26:56.783] [INFO] sbm - 
[2020-04-04T14:47:15.699] [INFO] sbm - About to update content to my.iot-ticket: [{"name":"station","v":"Turku Artukainen","path":"/sbm/weather"},{"name":"timestamp","v":"2020-04-04 14:30:00","path":"/sbm/weather"},{"name":"temperature","v":"6","path":"/sbm/weather","unit":"c"},{"name":"temperature_feels_like","v":"2","path":"/sbm/weather","unit":"c"},{"name":"pressure","v":"1012.9","path":"/sbm/weather","unit":"hPa"},{"name":"humidity","v":"30","path":"/sbm/weather","unit":"%"},{"name":"illumination","v":6000,"path":"/sbm/raspberry","unit":"lx"},{"name":"temperature","v":24,"path":"/sbm/raspberry","unit":"c"},{"name":"wokeUpTimes","v":2,"path":"/sbm/raspberry","unit":""},{"name":"sleepingTotal","v":9599000,"path":"/sbm/raspberry","unit":""},{"name":"wokeUpTimeTotal","v":1200000,"path":"/sbm/raspberry","unit":""}]
[2020-04-04T14:47:15.710] [INFO] sbm - Updates were send to my.iot-ticket
[2020-04-04T14:47:15.711] [INFO] sbm - 
[2020-04-04T15:07:35.128] [INFO] sbm - About to update content to my.iot-ticket: [{"name":"station","v":"Turku Artukainen","path":"/sbm/weather"},{"name":"timestamp","v":"2020-04-04 14:50:00","path":"/sbm/weather"},{"name":"temperature","v":"5","path":"/sbm/weather","unit":"c"},{"name":"temperature_feels_like","v":"1","path":"/sbm/weather","unit":"c"},{"name":"pressure","v":"1013.2","path":"/sbm/weather","unit":"hPa"},{"name":"humidity","v":"27","path":"/sbm/weather","unit":"%"},{"name":"illumination","v":5000,"path":"/sbm/raspberry","unit":"lx"},{"name":"temperature","v":24,"path":"/sbm/raspberry","unit":"c"},{"name":"wokeUpTimes","v":2,"path":"/sbm/raspberry","unit":""},{"name":"sleepingTotal","v":10799000,"path":"/sbm/raspberry","unit":""},{"name":"wokeUpTimeTotal","v":1200000,"path":"/sbm/raspberry","unit":""}]
[2020-04-04T15:07:35.130] [INFO] sbm - Updates were send to my.iot-ticket
[2020-04-04T15:07:35.130] [INFO] sbm - 
[2020-04-04T15:07:46.146] [INFO] sbm - Awake Temp is set to 17? = 17 temperature_Array length: 5
[2020-04-04T15:07:47.147] [DEBUG] sbm - Sleeping ended. WokeUps are: 3 wokeUpTimeTotal: 1200000 sleepingTotal: 10800000
[2020-04-04T15:17:50.809] [INFO] sbm - User is Sleeping - Temp changed to 30? = 30
[2020-04-04T15:17:51.810] [DEBUG] sbm - Sleeping. WokeUps are: 3 wokeUpTimeTotal: 1800000 sleepingTotal: 10800000
[2020-04-04T15:27:54.902] [INFO] sbm - About to update content to my.iot-ticket: [{"name":"station","v":"Turku Artukainen","path":"/sbm/weather"},{"name":"timestamp","v":"2020-04-04 15:10:00","path":"/sbm/weather"},{"name":"temperature","v":"5","path":"/sbm/weather","unit":"c"},{"name":"temperature_feels_like","v":"1","path":"/sbm/weather","unit":"c"},{"name":"pressure","v":"1013.4","path":"/sbm/weather","unit":"hPa"},{"name":"humidity","v":"30","path":"/sbm/weather","unit":"%"},{"name":"illumination","v":5000,"path":"/sbm/raspberry","unit":"lx"},{"name":"temperature","v":24,"path":"/sbm/raspberry","unit":"c"},{"name":"wokeUpTimes","v":3,"path":"/sbm/raspberry","unit":""},{"name":"sleepingTotal","v":11399000,"path":"/sbm/raspberry","unit":""},{"name":"wokeUpTimeTotal","v":1800000,"path":"/sbm/raspberry","unit":""}]
[2020-04-04T15:27:54.915] [INFO] sbm - Updates were send to my.iot-ticket
[2020-04-04T15:27:54.915] [INFO] sbm - 
[2020-04-04T15:48:12.746] [INFO] sbm - About to update content to my.iot-ticket: [{"name":"station","v":"Turku Artukainen","path":"/sbm/weather"},{"name":"timestamp","v":"2020-04-04 15:30:00","path":"/sbm/weather"},{"name":"temperature","v":"6","path":"/sbm/weather","unit":"c"},{"name":"temperature_feels_like","v":"2","path":"/sbm/weather","unit":"c"},{"name":"pressure","v":"1013.8","path":"/sbm/weather","unit":"hPa"},{"name":"humidity","v":"27","path":"/sbm/weather","unit":"%"},{"name":"illumination","v":5000,"path":"/sbm/raspberry","unit":"lx"},{"name":"temperature","v":24,"path":"/sbm/raspberry","unit":"c"},{"name":"wokeUpTimes","v":3,"path":"/sbm/raspberry","unit":""},{"name":"sleepingTotal","v":12599000,"path":"/sbm/raspberry","unit":""},{"name":"wokeUpTimeTotal","v":1800000,"path":"/sbm/raspberry","unit":""}]
[2020-04-04T15:48:12.747] [INFO] sbm - Updates were send to my.iot-ticket
[2020-04-04T15:48:12.747] [INFO] sbm - 
[2020-04-04T16:08:32.796] [INFO] sbm - About to update content to my.iot-ticket: [{"name":"station","v":"Turku Artukainen","path":"/sbm/weather"},{"name":"timestamp","v":"2020-04-04 16:00:00","path":"/sbm/weather"},{"name":"temperature","v":"5","path":"/sbm/weather","unit":"c"},{"name":"temperature_feels_like","v":"2","path":"/sbm/weather","unit":"c"},{"name":"pressure","v":"1014.2","path":"/sbm/weather","unit":"hPa"},{"name":"humidity","v":"31","path":"/sbm/weather","unit":"%"},{"name":"illumination","v":3000,"path":"/sbm/raspberry","unit":"lx"},{"name":"temperature","v":24,"path":"/sbm/raspberry","unit":"c"},{"name":"wokeUpTimes","v":3,"path":"/sbm/raspberry","unit":""},{"name":"sleepingTotal","v":13799000,"path":"/sbm/raspberry","unit":""},{"name":"wokeUpTimeTotal","v":1800000,"path":"/sbm/raspberry","unit":""}]
[2020-04-04T16:08:32.798] [INFO] sbm - Updates were send to my.iot-ticket
[2020-04-04T16:08:32.798] [INFO] sbm - 
[2020-04-04T16:18:48.062] [INFO] sbm - Awake Temp is set to 17? = 17 temperature_Array length: 7
[2020-04-04T16:18:49.067] [DEBUG] sbm - Sleeping ended. WokeUps are: 4 wokeUpTimeTotal: 1800000 sleepingTotal: 14400000
[2020-04-04T16:28:50.224] [INFO] sbm - About to update content to my.iot-ticket: [{"name":"station","v":"Turku Artukainen","path":"/sbm/weather"},{"name":"timestamp","v":"2020-04-04 16:10:00","path":"/sbm/weather"},{"name":"temperature","v":"5","path":"/sbm/weather","unit":"c"},{"name":"temperature_feels_like","v":"1","path":"/sbm/weather","unit":"c"},{"name":"pressure","v":"1014.4","path":"/sbm/weather","unit":"hPa"},{"name":"humidity","v":"32","path":"/sbm/weather","unit":"%"},{"name":"illumination","v":3000,"path":"/sbm/raspberry","unit":"lx"},{"name":"temperature","v":23,"path":"/sbm/raspberry","unit":"c"},{"name":"wokeUpTimes","v":4,"path":"/sbm/raspberry","unit":""},{"name":"sleepingTotal","v":14400000,"path":"/sbm/raspberry","unit":""},{"name":"wokeUpTimeTotal","v":2399000,"path":"/sbm/raspberry","unit":""}]
[2020-04-04T16:28:50.225] [INFO] sbm - Updates were send to my.iot-ticket
[2020-04-04T16:28:50.226] [INFO] sbm - 
[2020-04-04T16:29:01.228] [INFO] sbm - User is Sleeping - Temp changed to 30? = 30
[2020-04-04T16:29:02.228] [DEBUG] sbm - Sleeping. WokeUps are: 4 wokeUpTimeTotal: 2400000 sleepingTotal: 14400000
[2020-04-04T16:49:01.529] [INFO] sbm - About to update content to my.iot-ticket: [{"name":"station","v":"Turku Artukainen","path":"/sbm/weather"},{"name":"timestamp","v":"2020-04-04 16:40:00","path":"/sbm/weather"},{"name":"temperature","v":"5","path":"/sbm/weather","unit":"c"},{"name":"temperature_feels_like","v":"0","path":"/sbm/weather","unit":"c"},{"name":"pressure","v":"1014.4","path":"/sbm/weather","unit":"hPa"},{"name":"humidity","v":"33","path":"/sbm/weather","unit":"%"},{"name":"illumination","v":3000,"path":"/sbm/raspberry","unit":"lx"},{"name":"temperature","v":24,"path":"/sbm/raspberry","unit":"c"},{"name":"wokeUpTimes","v":4,"path":"/sbm/raspberry","unit":""},{"name":"sleepingTotal","v":15599000,"path":"/sbm/raspberry","unit":""},{"name":"wokeUpTimeTotal","v":2400000,"path":"/sbm/raspberry","unit":""}]
[2020-04-04T16:49:01.531] [INFO] sbm - Updates were send to my.iot-ticket
[2020-04-04T16:49:01.531] [INFO] sbm - 
[2020-04-04T17:09:12.740] [INFO] sbm - About to update content to my.iot-ticket: [{"name":"station","v":"Turku Artukainen","path":"/sbm/weather"},{"name":"timestamp","v":"2020-04-04 16:50:00","path":"/sbm/weather"},{"name":"temperature","v":"4","path":"/sbm/weather","unit":"c"},{"name":"temperature_feels_like","v":"0","path":"/sbm/weather","unit":"c"},{"name":"pressure","v":"1014.6","path":"/sbm/weather","unit":"hPa"},{"name":"humidity","v":"33","path":"/sbm/weather","unit":"%"},{"name":"illumination","v":1000,"path":"/sbm/raspberry","unit":"lx"},{"name":"temperature","v":24,"path":"/sbm/raspberry","unit":"c"},{"name":"wokeUpTimes","v":4,"path":"/sbm/raspberry","unit":""},{"name":"sleepingTotal","v":16799000,"path":"/sbm/raspberry","unit":""},{"name":"wokeUpTimeTotal","v":2400000,"path":"/sbm/raspberry","unit":""}]
[2020-04-04T17:09:12.742] [INFO] sbm - Updates were send to my.iot-ticket
[2020-04-04T17:09:12.742] [INFO] sbm - 
[2020-04-04T17:29:24.198] [INFO] sbm - About to update content to my.iot-ticket: [{"name":"station","v":"Turku Artukainen","path":"/sbm/weather"},{"name":"timestamp","v":"2020-04-04 17:10:00","path":"/sbm/weather"},{"name":"temperature","v":"5","path":"/sbm/weather","unit":"c"},{"name":"temperature_feels_like","v":"0","path":"/sbm/weather","unit":"c"},{"name":"pressure","v":"1014.9","path":"/sbm/weather","unit":"hPa"},{"name":"humidity","v":"32","path":"/sbm/weather","unit":"%"},{"name":"illumination","v":1000,"path":"/sbm/raspberry","unit":"lx"},{"name":"temperature","v":24,"path":"/sbm/raspberry","unit":"c"},{"name":"wokeUpTimes","v":4,"path":"/sbm/raspberry","unit":""},{"name":"sleepingTotal","v":17999000,"path":"/sbm/raspberry","unit":""},{"name":"wokeUpTimeTotal","v":2400000,"path":"/sbm/raspberry","unit":""}]
[2020-04-04T17:29:24.200] [INFO] sbm - Updates were send to my.iot-ticket
[2020-04-04T17:29:24.200] [INFO] sbm - 
[2020-04-04T17:29:35.203] [INFO] sbm - Awake Temp is set to 17? = 17 temperature_Array length: 9
[2020-04-04T17:29:36.204] [DEBUG] sbm - Sleeping ended. WokeUps are: 5 wokeUpTimeTotal: 2400000 sleepingTotal: 18000000
[2020-04-04T17:39:35.519] [INFO] sbm - User is Sleeping - Temp changed to 30? = 30
[2020-04-04T17:39:36.519] [DEBUG] sbm - Sleeping. WokeUps are: 5 wokeUpTimeTotal: 3000000 sleepingTotal: 18000000
[2020-04-04T17:49:35.552] [INFO] sbm - About to update content to my.iot-ticket: [{"name":"station","v":"Turku Artukainen","path":"/sbm/weather"},{"name":"timestamp","v":"2020-04-04 17:40:00","path":"/sbm/weather"},{"name":"temperature","v":"4","path":"/sbm/weather","unit":"c"},{"name":"temperature_feels_like","v":"1","path":"/sbm/weather","unit":"c"},{"name":"pressure","v":"1015.4","path":"/sbm/weather","unit":"hPa"},{"name":"humidity","v":"32","path":"/sbm/weather","unit":"%"},{"name":"illumination","v":1000,"path":"/sbm/raspberry","unit":"lx"},{"name":"temperature","v":24,"path":"/sbm/raspberry","unit":"c"},{"name":"wokeUpTimes","v":5,"path":"/sbm/raspberry","unit":""},{"name":"sleepingTotal","v":18599000,"path":"/sbm/raspberry","unit":""},{"name":"wokeUpTimeTotal","v":3000000,"path":"/sbm/raspberry","unit":""}]
[2020-04-04T17:49:35.553] [INFO] sbm - Updates were send to my.iot-ticket
[2020-04-04T17:49:35.553] [INFO] sbm - 
[2020-04-04T18:09:46.824] [INFO] sbm - About to update content to my.iot-ticket: [{"name":"station","v":"Turku Artukainen","path":"/sbm/weather"},{"name":"timestamp","v":"2020-04-04 17:50:00","path":"/sbm/weather"},{"name":"temperature","v":"4","path":"/sbm/weather","unit":"c"},{"name":"temperature_feels_like","v":"0","path":"/sbm/weather","unit":"c"},{"name":"pressure","v":"1015.5","path":"/sbm/weather","unit":"hPa"},{"name":"humidity","v":"31","path":"/sbm/weather","unit":"%"},{"name":"illumination","v":0,"path":"/sbm/raspberry","unit":"lx"},{"name":"temperature","v":24,"path":"/sbm/raspberry","unit":"c"},{"name":"wokeUpTimes","v":5,"path":"/sbm/raspberry","unit":""},{"name":"sleepingTotal","v":19799000,"path":"/sbm/raspberry","unit":""},{"name":"wokeUpTimeTotal","v":3000000,"path":"/sbm/raspberry","unit":""}]
[2020-04-04T18:09:46.826] [INFO] sbm - Updates were send to my.iot-ticket
[2020-04-04T18:09:46.826] [INFO] sbm - 
[2020-04-04T22:02:38.267] [DEBUG] sbm - UserSettingsInputs: 10:00:00
[2020-04-04T22:02:38.270] [DEBUG] sbm - UserSettingsInputs: 18:00:00
[2020-04-04T22:02:38.270] [DEBUG] sbm - UserSettingsInputs: John Doe
[2020-04-04T22:02:38.270] [DEBUG] sbm - UserSettingsInputs: 41
[2020-04-04T22:02:38.270] [DEBUG] sbm - UserSettingsInputs: Turku
[2020-04-04T22:02:38.270] [DEBUG] sbm - UserSettingsInputs: 41
[2020-04-04T22:02:38.284] [INFO] sbm - SleepingBevaviourMonitor started.  StartDate is: 1585983600000 EndDate is: 1586098800000
[2020-04-04T22:02:52.361] [DEBUG] sbm - UserSettingsInputs: 20:00:00
[2020-04-04T22:02:52.363] [DEBUG] sbm - UserSettingsInputs: 08:00:00
[2020-04-04T22:02:52.363] [DEBUG] sbm - UserSettingsInputs: John Doe
[2020-04-04T22:02:52.363] [DEBUG] sbm - UserSettingsInputs: 41
[2020-04-04T22:02:52.363] [DEBUG] sbm - UserSettingsInputs: Turku
[2020-04-04T22:02:52.363] [DEBUG] sbm - UserSettingsInputs: 41
[2020-04-04T22:02:52.379] [INFO] sbm - SleepingBevaviourMonitor started.  StartDate is: 1586019600000 EndDate is: 1586062800000
[2020-04-04T22:22:57.628] [INFO] sbm - About to update content to my.iot-ticket: [{"name":"station","v":"Turku Artukainen","path":"/sbm/weather"},{"name":"timestamp","v":"2020-04-04 22:10:00","path":"/sbm/weather"},{"name":"temperature","v":"0","path":"/sbm/weather","unit":"c"},{"name":"temperature_feels_like","v":"-2","path":"/sbm/weather","unit":"c"},{"name":"pressure","v":"1019.3","path":"/sbm/weather","unit":"hPa"},{"name":"humidity","v":"55","path":"/sbm/weather","unit":"%"},{"name":"illumination","v":0,"path":"/sbm/raspberry","unit":"lx"},{"name":"temperature","v":30,"path":"/sbm/raspberry","unit":"c"},{"name":"wokeUpTimes","v":0,"path":"/sbm/raspberry","unit":""},{"name":"sleepingTotal","v":1199000,"path":"/sbm/raspberry","unit":""},{"name":"wokeUpTimeTotal","v":0,"path":"/sbm/raspberry","unit":""}]
[2020-04-04T22:22:57.635] [INFO] sbm - Updates were send to my.iot-ticket
[2020-04-04T22:22:57.636] [INFO] sbm - 
[2020-04-10T14:17:08.511] [DEBUG] sbm - UserSettingsInputs: 20:00:00
[2020-04-10T14:17:08.514] [DEBUG] sbm - UserSettingsInputs: 08:00:00
[2020-04-10T14:17:08.514] [DEBUG] sbm - UserSettingsInputs: John Doe
[2020-04-10T14:17:08.514] [DEBUG] sbm - UserSettingsInputs: 41
[2020-04-10T14:17:08.514] [DEBUG] sbm - UserSettingsInputs: Turku
[2020-04-10T14:17:08.514] [DEBUG] sbm - UserSettingsInputs: 41
[2020-04-10T14:17:08.527] [INFO] sbm - SleepingBevaviourMonitor started.  StartDate is: 1586538000000 EndDate is: 1586581200000
[2020-04-10T14:30:31.071] [DEBUG] sbm - UserSettingsInputs: 20:00:00
[2020-04-10T14:30:31.073] [DEBUG] sbm - UserSettingsInputs: 08:00:00
[2020-04-10T14:30:31.073] [DEBUG] sbm - UserSettingsInputs: John Doe
[2020-04-10T14:30:31.074] [DEBUG] sbm - UserSettingsInputs: 41
[2020-04-10T14:30:31.074] [DEBUG] sbm - UserSettingsInputs: Turku
[2020-04-10T14:30:31.074] [DEBUG] sbm - UserSettingsInputs: 41
[2020-04-10T14:30:31.083] [INFO] sbm - SleepingBevaviourMonitor started.  StartDate is: 1586538000000 EndDate is: 1586581200000
[2020-04-10T14:31:53.152] [DEBUG] sbm - UserSettingsInputs: 20:00:00
[2020-04-10T14:31:53.154] [DEBUG] sbm - UserSettingsInputs: 08:00:00
[2020-04-10T14:31:53.154] [DEBUG] sbm - UserSettingsInputs: John Doe
[2020-04-10T14:31:53.154] [DEBUG] sbm - UserSettingsInputs: 41
[2020-04-10T14:31:53.154] [DEBUG] sbm - UserSettingsInputs: Turku
[2020-04-10T14:31:53.154] [DEBUG] sbm - UserSettingsInputs: 41
[2020-04-10T14:31:53.162] [INFO] sbm - SleepingBevaviourMonitor started.  StartDate is: 1586538000000 EndDate is: 1586581200000
[2020-04-10T20:20:14.475] [INFO] sbm - About to update content to my.iot-ticket: [{"name":"station","v":"Turku Artukainen","path":"/sbm/weather"},{"name":"timestamp","v":"2020-04-10 20:00:00","path":"/sbm/weather"},{"name":"temperature","v":"4","path":"/sbm/weather","unit":"c"},{"name":"temperature_feels_like","v":"0","path":"/sbm/weather","unit":"c"},{"name":"pressure","v":"1019.6","path":"/sbm/weather","unit":"hPa"},{"name":"humidity","v":"56","path":"/sbm/weather","unit":"%"},{"name":"illumination","v":0,"path":"/sbm/raspberry","unit":"lx"},{"name":"temperature","v":30,"path":"/sbm/raspberry","unit":"c"},{"name":"wokeUpTimes","v":0,"path":"/sbm/raspberry","unit":""},{"name":"sleepingTotal","v":1199000,"path":"/sbm/raspberry","unit":""},{"name":"wokeUpTimeTotal","v":0,"path":"/sbm/raspberry","unit":""}]
[2020-04-10T20:20:14.478] [INFO] sbm - Updates were send to my.iot-ticket
[2020-04-10T20:20:14.478] [INFO] sbm - 
[2020-04-10T20:40:34.883] [INFO] sbm - About to update content to my.iot-ticket: [{"name":"station","v":"Turku Artukainen","path":"/sbm/weather"},{"name":"timestamp","v":"2020-04-10 20:30:00","path":"/sbm/weather"},{"name":"temperature","v":"3","path":"/sbm/weather","unit":"c"},{"name":"temperature_feels_like","v":"0","path":"/sbm/weather","unit":"c"},{"name":"pressure","v":"1019.9","path":"/sbm/weather","unit":"hPa"},{"name":"humidity","v":"65","path":"/sbm/weather","unit":"%"},{"name":"illumination","v":0,"path":"/sbm/raspberry","unit":"lx"},{"name":"temperature","v":30,"path":"/sbm/raspberry","unit":"c"},{"name":"wokeUpTimes","v":0,"path":"/sbm/raspberry","unit":""},{"name":"sleepingTotal","v":2399000,"path":"/sbm/raspberry","unit":""},{"name":"wokeUpTimeTotal","v":0,"path":"/sbm/raspberry","unit":""}]
[2020-04-10T20:40:34.885] [INFO] sbm - Updates were send to my.iot-ticket
[2020-04-10T20:40:34.885] [INFO] sbm - 
[2020-04-10T21:00:55.103] [INFO] sbm - About to update content to my.iot-ticket: [{"name":"station","v":"Turku Artukainen","path":"/sbm/weather"},{"name":"timestamp","v":"2020-04-10 20:40:00","path":"/sbm/weather"},{"name":"temperature","v":"3","path":"/sbm/weather","unit":"c"},{"name":"temperature_feels_like","v":"0","path":"/sbm/weather","unit":"c"},{"name":"pressure","v":"1019.9","path":"/sbm/weather","unit":"hPa"},{"name":"humidity","v":"68","path":"/sbm/weather","unit":"%"},{"name":"illumination","v":0,"path":"/sbm/raspberry","unit":"lx"},{"name":"temperature","v":30,"path":"/sbm/raspberry","unit":"c"},{"name":"wokeUpTimes","v":0,"path":"/sbm/raspberry","unit":""},{"name":"sleepingTotal","v":3599000,"path":"/sbm/raspberry","unit":""},{"name":"wokeUpTimeTotal","v":0,"path":"/sbm/raspberry","unit":""}]
[2020-04-10T21:00:55.104] [INFO] sbm - Updates were send to my.iot-ticket
[2020-04-10T21:00:55.104] [INFO] sbm - 
[2020-04-10T21:01:06.117] [INFO] sbm - Awake Temp is set to 17? = 17 temperature_Array length: 1
[2020-04-10T21:01:07.122] [DEBUG] sbm - Sleeping ended. WokeUps are: 1 wokeUpTimeTotal: 0 sleepingTotal: 3600000
[2020-04-10T21:11:10.893] [INFO] sbm - User is Sleeping - Temp changed to 30? = 30
[2020-04-10T21:11:11.903] [DEBUG] sbm - Sleeping. WokeUps are: 1 wokeUpTimeTotal: 600000 sleepingTotal: 3600000
[2020-04-10T21:21:15.085] [INFO] sbm - About to update content to my.iot-ticket: [{"name":"station","v":"Turku Artukainen","path":"/sbm/weather"},{"name":"timestamp","v":"2020-04-10 21:10:00","path":"/sbm/weather"},{"name":"temperature","v":"3","path":"/sbm/weather","unit":"c"},{"name":"temperature_feels_like","v":"0","path":"/sbm/weather","unit":"c"},{"name":"pressure","v":"1020.2","path":"/sbm/weather","unit":"hPa"},{"name":"humidity","v":"72","path":"/sbm/weather","unit":"%"},{"name":"illumination","v":0,"path":"/sbm/raspberry","unit":"lx"},{"name":"temperature","v":24,"path":"/sbm/raspberry","unit":"c"},{"name":"wokeUpTimes","v":1,"path":"/sbm/raspberry","unit":""},{"name":"sleepingTotal","v":4199000,"path":"/sbm/raspberry","unit":""},{"name":"wokeUpTimeTotal","v":600000,"path":"/sbm/raspberry","unit":""}]
[2020-04-10T21:21:15.087] [INFO] sbm - Updates were send to my.iot-ticket
[2020-04-10T21:21:15.087] [INFO] sbm - 
[2020-04-10T21:41:34.454] [INFO] sbm - About to update content to my.iot-ticket: [{"name":"station","v":"Turku Artukainen","path":"/sbm/weather"},{"name":"timestamp","v":"2020-04-10 21:30:00","path":"/sbm/weather"},{"name":"temperature","v":"2","path":"/sbm/weather","unit":"c"},{"name":"temperature_feels_like","v":"0","path":"/sbm/weather","unit":"c"},{"name":"pressure","v":"1020.4","path":"/sbm/weather","unit":"hPa"},{"name":"humidity","v":"72","path":"/sbm/weather","unit":"%"},{"name":"illumination","v":0,"path":"/sbm/raspberry","unit":"lx"},{"name":"temperature","v":24,"path":"/sbm/raspberry","unit":"c"},{"name":"wokeUpTimes","v":1,"path":"/sbm/raspberry","unit":""},{"name":"sleepingTotal","v":5399000,"path":"/sbm/raspberry","unit":""},{"name":"wokeUpTimeTotal","v":600000,"path":"/sbm/raspberry","unit":""}]
[2020-04-10T21:41:34.455] [INFO] sbm - Updates were send to my.iot-ticket
[2020-04-10T21:41:34.455] [INFO] sbm - 
[2020-04-10T22:01:54.085] [INFO] sbm - About to update content to my.iot-ticket: [{"name":"station","v":"Turku Artukainen","path":"/sbm/weather"},{"name":"timestamp","v":"2020-04-10 21:50:00","path":"/sbm/weather"},{"name":"temperature","v":"2","path":"/sbm/weather","unit":"c"},{"name":"temperature_feels_like","v":"0","path":"/sbm/weather","unit":"c"},{"name":"pressure","v":"1020.5","path":"/sbm/weather","unit":"hPa"},{"name":"humidity","v":"74","path":"/sbm/weather","unit":"%"},{"name":"illumination","v":0,"path":"/sbm/raspberry","unit":"lx"},{"name":"temperature","v":24,"path":"/sbm/raspberry","unit":"c"},{"name":"wokeUpTimes","v":1,"path":"/sbm/raspberry","unit":""},{"name":"sleepingTotal","v":6599000,"path":"/sbm/raspberry","unit":""},{"name":"wokeUpTimeTotal","v":600000,"path":"/sbm/raspberry","unit":""}]
[2020-04-10T22:01:54.086] [INFO] sbm - Updates were send to my.iot-ticket
[2020-04-10T22:01:54.087] [INFO] sbm - 
[2020-04-10T22:12:09.728] [INFO] sbm - Awake Temp is set to 17? = 17 temperature_Array length: 3
[2020-04-10T22:12:10.743] [DEBUG] sbm - Sleeping ended. WokeUps are: 2 wokeUpTimeTotal: 600000 sleepingTotal: 7200000
[2020-04-10T22:22:13.860] [INFO] sbm - About to update content to my.iot-ticket: [{"name":"station","v":"Turku Artukainen","path":"/sbm/weather"},{"name":"timestamp","v":"2020-04-10 22:00:00","path":"/sbm/weather"},{"name":"temperature","v":"2","path":"/sbm/weather","unit":"c"},{"name":"temperature_feels_like","v":"0","path":"/sbm/weather","unit":"c"},{"name":"pressure","v":"1020.6","path":"/sbm/weather","unit":"hPa"},{"name":"humidity","v":"75","path":"/sbm/weather","unit":"%"},{"name":"illumination","v":0,"path":"/sbm/raspberry","unit":"lx"},{"name":"temperature","v":21,"path":"/sbm/raspberry","unit":"c"},{"name":"wokeUpTimes","v":2,"path":"/sbm/raspberry","unit":""},{"name":"sleepingTotal","v":7200000,"path":"/sbm/raspberry","unit":""},{"name":"wokeUpTimeTotal","v":1199000,"path":"/sbm/raspberry","unit":""}]
[2020-04-10T22:22:13.861] [INFO] sbm - Updates were send to my.iot-ticket
[2020-04-10T22:22:13.862] [INFO] sbm - 
[2020-04-10T22:22:24.868] [INFO] sbm - User is Sleeping - Temp changed to 30? = 30
[2020-04-10T22:22:25.874] [DEBUG] sbm - Sleeping. WokeUps are: 2 wokeUpTimeTotal: 1200000 sleepingTotal: 7200000
[2020-04-10T22:42:34.294] [INFO] sbm - About to update content to my.iot-ticket: [{"name":"station","v":"Turku Artukainen","path":"/sbm/weather"},{"name":"timestamp","v":"2020-04-10 22:30:00","path":"/sbm/weather"},{"name":"temperature","v":"1","path":"/sbm/weather","unit":"c"},{"name":"temperature_feels_like","v":"-1","path":"/sbm/weather","unit":"c"},{"name":"pressure","v":"1020.8","path":"/sbm/weather","unit":"hPa"},{"name":"humidity","v":"77","path":"/sbm/weather","unit":"%"},{"name":"illumination","v":0,"path":"/sbm/raspberry","unit":"lx"},{"name":"temperature","v":24,"path":"/sbm/raspberry","unit":"c"},{"name":"wokeUpTimes","v":2,"path":"/sbm/raspberry","unit":""},{"name":"sleepingTotal","v":8399000,"path":"/sbm/raspberry","unit":""},{"name":"wokeUpTimeTotal","v":1200000,"path":"/sbm/raspberry","unit":""}]
[2020-04-10T22:42:34.295] [INFO] sbm - Updates were send to my.iot-ticket
[2020-04-10T22:42:34.295] [INFO] sbm - 
[2020-04-10T23:02:54.681] [INFO] sbm - About to update content to my.iot-ticket: [{"name":"station","v":"Turku Artukainen","path":"/sbm/weather"},{"name":"timestamp","v":"2020-04-10 22:50:00","path":"/sbm/weather"},{"name":"temperature","v":"1","path":"/sbm/weather","unit":"c"},{"name":"temperature_feels_like","v":"-1","path":"/sbm/weather","unit":"c"},{"name":"pressure","v":"1020.9","path":"/sbm/weather","unit":"hPa"},{"name":"humidity","v":"79","path":"/sbm/weather","unit":"%"},{"name":"illumination","path":"/sbm/raspberry","unit":"lx"},{"name":"temperature","v":24,"path":"/sbm/raspberry","unit":"c"},{"name":"wokeUpTimes","v":2,"path":"/sbm/raspberry","unit":""},{"name":"sleepingTotal","v":9599000,"path":"/sbm/raspberry","unit":""},{"name":"wokeUpTimeTotal","v":1200000,"path":"/sbm/raspberry","unit":""}]
[2020-04-10T23:02:54.682] [INFO] sbm - Updates were send to my.iot-ticket
[2020-04-10T23:02:54.682] [INFO] sbm - 
[2020-04-10T23:23:07.579] [INFO] sbm - About to update content to my.iot-ticket: [{"name":"station","v":"Turku Artukainen","path":"/sbm/weather"},{"name":"timestamp","v":"2020-04-10 23:10:00","path":"/sbm/weather"},{"name":"temperature","v":"1","path":"/sbm/weather","unit":"c"},{"name":"temperature_feels_like","v":"1","path":"/sbm/weather","unit":"c"},{"name":"pressure","v":"1021.0","path":"/sbm/weather","unit":"hPa"},{"name":"humidity","v":"79","path":"/sbm/weather","unit":"%"},{"name":"illumination","path":"/sbm/raspberry","unit":"lx"},{"name":"temperature","v":24,"path":"/sbm/raspberry","unit":"c"},{"name":"wokeUpTimes","v":2,"path":"/sbm/raspberry","unit":""},{"name":"sleepingTotal","v":10799000,"path":"/sbm/raspberry","unit":""},{"name":"wokeUpTimeTotal","v":1200000,"path":"/sbm/raspberry","unit":""}]
[2020-04-10T23:23:07.581] [INFO] sbm - Updates were send to my.iot-ticket
[2020-04-10T23:23:07.581] [INFO] sbm - 
[2020-04-10T23:23:18.582] [INFO] sbm - Awake Temp is set to 17? = 17 temperature_Array length: 5
[2020-04-10T23:23:19.583] [DEBUG] sbm - Sleeping ended. WokeUps are: 3 wokeUpTimeTotal: 1200000 sleepingTotal: 10800000
[2020-04-10T23:33:20.337] [INFO] sbm - User is Sleeping - Temp changed to 30? = 30
[2020-04-10T23:33:21.346] [DEBUG] sbm - Sleeping. WokeUps are: 3 wokeUpTimeTotal: 1800000 sleepingTotal: 10800000
[2020-04-10T23:43:23.422] [INFO] sbm - About to update content to my.iot-ticket: [{"name":"station","v":"Turku Artukainen","path":"/sbm/weather"},{"name":"timestamp","v":"2020-04-10 23:30:00","path":"/sbm/weather"},{"name":"temperature","v":"0","path":"/sbm/weather","unit":"c"},{"name":"temperature_feels_like","v":"0","path":"/sbm/weather","unit":"c"},{"name":"pressure","v":"1021.1","path":"/sbm/weather","unit":"hPa"},{"name":"humidity","v":"83","path":"/sbm/weather","unit":"%"},{"name":"illumination","path":"/sbm/raspberry","unit":"lx"},{"name":"temperature","v":24,"path":"/sbm/raspberry","unit":"c"},{"name":"wokeUpTimes","v":3,"path":"/sbm/raspberry","unit":""},{"name":"sleepingTotal","v":11399000,"path":"/sbm/raspberry","unit":""},{"name":"wokeUpTimeTotal","v":1800000,"path":"/sbm/raspberry","unit":""}]
[2020-04-10T23:43:23.423] [INFO] sbm - Updates were send to my.iot-ticket
[2020-04-10T23:43:23.423] [INFO] sbm - 
[2020-04-11T00:02:59.682] [DEBUG] sbm - UserSettingsInputs: 20:00:00
[2020-04-11T00:02:59.684] [DEBUG] sbm - UserSettingsInputs: 08:00:00
[2020-04-11T00:02:59.685] [DEBUG] sbm - UserSettingsInputs: John Doe
[2020-04-11T00:02:59.685] [DEBUG] sbm - UserSettingsInputs: 41
[2020-04-11T00:02:59.685] [DEBUG] sbm - UserSettingsInputs: Turku
[2020-04-11T00:02:59.685] [DEBUG] sbm - UserSettingsInputs: 41
[2020-04-11T00:02:59.694] [INFO] sbm - SleepingBevaviourMonitor started.  StartDate is: 1586624400000 EndDate is: 1586667600000
